<?xml version="1.0" encoding="UTF-8"?>
<!-- Generated by org.testng.reporters.JUnitReportReporter -->
<testsuite hostname="CTLT095" failures="0" tests="4" name="com.web.application.e2e.automator.testcases.VisaRegistration" time="29.500" errors="0" timestamp="2020-12-29T22:40:33 IST" skipped="0">
  <testcase classname="com.web.application.e2e.automator.testcases.VisaRegistration" name="visaRegistration" time="5.413"/>
  <system-out/>
  <testcase classname="com.web.application.e2e.automator.testcases.VisaRegistration" name="visaRegistration" time="12.142"/>
  <system-out/>
  <testcase classname="com.web.application.e2e.automator.testcases.VisaRegistration" name="visaRegistration" time="6.461"/>
  <system-out/>
  <testcase classname="com.web.application.e2e.automator.testcases.VisaRegistration" name="visaRegistration" time="5.484"/>
  <system-out/>
</testsuite> <!-- com.web.application.e2e.automator.testcases.VisaRegistration -->
