<?xml version="1.0" encoding="UTF-8"?>
<!-- Generated by org.testng.reporters.JUnitReportReporter -->
<testsuite hostname="CTLT095" failures="0" tests="3" name="com.web.application.e2e.automator.testcases.SanityTest" time="0.229" errors="0" timestamp="2020-12-29T14:31:23 IST" skipped="0">
  <testcase classname="com.web.application.e2e.automator.testcases.SanityTest" name="fetch_data_size" time="0.201"/>
  <system-out/>
  <testcase classname="com.web.application.e2e.automator.testcases.SanityTest" name="fetch_data_based_on_primary_key" time="0.020"/>
  <system-out/>
  <testcase classname="com.web.application.e2e.automator.testcases.SanityTest" name="fetch_first_3_Users" time="0.008"/>
  <system-out/>
</testsuite> <!-- com.web.application.e2e.automator.testcases.SanityTest -->
